(---------------------------------------------------------------------)
(                                                                     )
(    Allegro Netrev Import Logic                                      )
(                                                                     )
(    Drawing          : FSCV_V5.brd                                   )
(    Software Version : 17.4S037                                      )
(    Date/Time        : Fri Sep  8 11:57:13 2023                      )
(                                                                     )
(---------------------------------------------------------------------)


------ Directives ------------

Ripup etch:                  No
Ripup delete first segment:  No
Ripup retain bondwire:       No
Ripup symbols:               Always
Missing symbol has error:    No
DRC update:                  Yes
Schematic directory:         'E:/Projects/PCB/FSCV Board/Netlist'
Design Directory:            'E:/Projects/PCB/FSCV Board/PCB Editor'
Old design name:             'E:/Projects/PCB/FSCV Board/PCB Editor/FSCV_V5.brd'
New design name:             'E:/Projects/PCB/FSCV Board/PCB Editor/FSCV_V5.brd'

CmdLine: netrev -$ -i E:/Projects/PCB/FSCV Board/Netlist -y 1 -h -q netrev_constraint_report.xml E:/Projects/PCB/FSCV Board/PCB Editor/#Taaaaaf12836.tmp

------ Preparing to read pst files ------

Starting to read E:/Projects/PCB/FSCV Board/Netlist/pstchip.dat 
   Finished reading E:/Projects/PCB/FSCV Board/Netlist/pstchip.dat (00:00:00.06)
Starting to read E:/Projects/PCB/FSCV Board/Netlist/pstxprt.dat 
   Finished reading E:/Projects/PCB/FSCV Board/Netlist/pstxprt.dat (00:00:00.00)
Starting to read E:/Projects/PCB/FSCV Board/Netlist/pstxnet.dat 
   Finished reading E:/Projects/PCB/FSCV Board/Netlist/pstxnet.dat (00:00:00.00)

------ Oversights/Warnings/Errors ------


------ Library Paths ------
MODULEPATH =  . 
           E:/Cadence/OrcadAndAllegro/share/local/pcb/modules 

PSMPATH =  . 
           symbols 
           .. 
           ../symbols 
           E:/Cadence/OrcadAndAllegro/share/local/pcb/symbols 
           E:/Cadence/OrcadAndAllegro/share/pcb/pcb_lib/symbols 
           E:/Cadence/OrcadAndAllegro/share/pcb/allegrolib/symbols 
           E:/Projects/PCB/FSCV Board/PCB Editor/Libraries 

PADPATH =  . 
           symbols 
           .. 
           ../symbols 
           E:/Cadence/OrcadAndAllegro/share/local/pcb/padstacks 
           E:/Cadence/OrcadAndAllegro/share/pcb/pcb_lib/symbols 
           E:/Cadence/OrcadAndAllegro/share/pcb/allegrolib/symbols 
           E:/Projects/PCB/FSCV Board/PCB Editor/Libraries 


------ Summary Statistics ------


netrev run on Sep 8 11:57:13 2023
   DESIGN NAME : 'FSCV BOARD'
   PACKAGING ON May 19 2023 23:44:21

   COMPILE 'logic'
   CHECK_PIN_NAMES OFF
   CROSS_REFERENCE OFF
   FEEDBACK OFF
   INCREMENTAL OFF
   INTERFACE_TYPE PHYSICAL
   MAX_ERRORS 500
   MERGE_MINIMUM 5
   NET_NAME_CHARS '#%&()*+-./:=>?@[]^_`|'
   NET_NAME_LENGTH 24
   OVERSIGHTS ON
   REPLACE_CHECK OFF
   SINGLE_NODE_NETS ON
   SPLIT_MINIMUM 0
   SUPPRESS   20
   WARNINGS ON

 No error detected
 No oversight detected
 No warning detected

cpu time      0:04:40
elapsed time  0:00:02

